=== Nova Sessão Iniciada em 2025-01-16 02:38:01 ===
[2025-01-16 02:38:01][DEBUG][StoryChat] Inicializando StoryChat...
[2025-01-16 02:38:01][DEBUG][StoryChat] Verificando arquivos e diretórios necessários...
[2025-01-16 02:38:01][DEBUG][StoryChat] Diretório existente: voices
[2025-01-16 02:38:01][DEBUG][StoryChat] Diretório existente: prompts
[2025-01-16 02:38:01][DEBUG][StoryChat] Diretório existente: outputs
[2025-01-16 02:38:01][DEBUG][StoryChat] Diretório existente: avatars
[2025-01-16 02:38:01][DEBUG][StoryChat] Diretório existente: log
[2025-01-16 02:38:01][DEBUG][StoryChat] Arquivo existente: voices/narrator_voice.wav
[2025-01-16 02:38:01][DEBUG][StoryChat] Arquivo existente: voices/narrator_descriptive.wav
[2025-01-16 02:38:01][DEBUG][StoryChat] Arquivo existente: voices/narrator_sassy.wav
[2025-01-16 02:38:01][DEBUG][StoryChat] Arquivo existente: prompts/narrator_prompt.txt
[2025-01-16 02:38:01][INFO][StoryChat] Verificação de arquivos concluída com sucesso
[2025-01-16 02:38:01][DEBUG][StoryChat] Configurando dispositivo...
[2025-01-16 02:38:01][INFO][StoryChat] Usando dispositivo: cuda
[2025-01-16 02:38:14][INFO][Sistema] Inicializa o banco de dados de memórias.
[2025-01-16 02:38:14][INFO][Sistema] Banco de dados de memórias configurado com sucesso
[2025-01-16 02:38:14][INFO][Sistema] Sistema de memória inicializado: character_memories.db
[2025-01-16 02:38:14][DEBUG][DynamicCharacterManager] Tentando carregar personagens...
[2025-01-16 02:38:14][INFO][DynamicCharacterManager] Carregados 3 personagens
[2025-01-16 02:38:14][DEBUG][AudioProcessor] AudioProcessor inicializado com executor
[2025-01-16 02:38:14][DEBUG][AudioProcessor] Inicializando player persistente...
[2025-01-16 02:38:14][DEBUG][StoryChat] Iniciando carregamento de personagens
[2025-01-16 02:38:14][DEBUG][StoryChat] Carregando personagem: Marcos
[2025-01-16 02:38:14][DEBUG][Character] Character Marcos initialized with voice: voices/narrator_voice.wav
[2025-01-16 02:38:14][INFO][StoryChat] Carregado personagem: Marcos
[2025-01-16 02:38:14][DEBUG][StoryChat] Carregando personagem: André
[2025-01-16 02:38:14][DEBUG][Character] Character André initialized with voice: D:/IA/Speech-to-Speech/speech-to-rag/voices/lucas_voice.wav
[2025-01-16 02:38:14][INFO][StoryChat] Carregado personagem: André
[2025-01-16 02:38:14][DEBUG][StoryChat] Carregando personagem: Avó
[2025-01-16 02:38:14][DEBUG][Character] Character Avó initialized with voice: voices/narrator_voice.wav
[2025-01-16 02:38:14][INFO][StoryChat] Carregado personagem: Avó
[2025-01-16 02:38:14][DEBUG][StoryChat] Total de personagens carregados: 3
[2025-01-16 02:38:14][DEBUG][StoryContext] Iniciando inicialização do StoryContext
[2025-01-16 02:38:14][DEBUG][StoryContext] Carregados 12 eventos
[2025-01-16 02:38:14][DEBUG][StoryContext] Estado atual: Local=Cidade do interior de São Paulo, Hora=05:38:14, Humor=Neutro
[2025-01-16 02:38:14][INFO][StoryContext] StoryContext inicializado com sucesso
[2025-01-16 02:38:14][DEBUG][NarratorSystem] Perfis de narrador inicializados com sucesso
[2025-01-16 02:38:14][DEBUG][NarratorSystem] Arquivos de voz dos narradores verificados com sucesso
[2025-01-16 02:38:14][INFO][NarrativeHistory] Banco de dados narrativo configurado com sucesso
[2025-01-16 02:38:14][INFO][NarrativeHistory] Sistema de histórico narrativo inicializado
[2025-01-16 02:38:21][INFO][Sistema] Recupera memórias em um formato mais estruturado e explícito.
[2025-01-16 02:38:21][INFO][Sistema] Recupera memórias em um formato mais estruturado e explícito.
[2025-01-16 02:38:21][INFO][Sistema] Recupera memórias em um formato mais estruturado e explícito.
[2025-01-16 02:38:21][INFO][StoryChat] StoryChat inicializado com sucesso
[2025-01-16 02:38:47][DEBUG][StoryChat] Iniciando carregamento de personagens
[2025-01-16 02:38:47][DEBUG][StoryChat] Carregando personagem: Marcos
[2025-01-16 02:38:47][DEBUG][Character] Character Marcos initialized with voice: voices/narrator_voice.wav
[2025-01-16 02:38:47][INFO][StoryChat] Carregado personagem: Marcos
[2025-01-16 02:38:47][DEBUG][StoryChat] Carregando personagem: André
[2025-01-16 02:38:47][DEBUG][Character] Character André initialized with voice: D:/IA/Speech-to-Speech/speech-to-rag/voices/lucas_voice.wav
[2025-01-16 02:38:47][INFO][StoryChat] Carregado personagem: André
[2025-01-16 02:38:47][DEBUG][StoryChat] Carregando personagem: Avó
[2025-01-16 02:38:47][DEBUG][Character] Character Avó initialized with voice: voices/narrator_voice.wav
[2025-01-16 02:38:47][INFO][StoryChat] Carregado personagem: Avó
[2025-01-16 02:38:47][DEBUG][StoryChat] Total de personagens carregados: 3
[2025-01-16 02:38:51][DEBUG][InteractionSystem] Interações recentes atualizadas
[2025-01-16 02:38:51][DEBUG][StoryChat] Gerando resposta para André
[2025-01-16 02:38:51][DEBUG][StoryChat] Gerando resposta para entrada: O que você pode falar sobre sua avó...
[2025-01-16 02:38:51][DEBUG][InteractionSystem] Interações recentes atualizadas
[2025-01-16 02:38:51][ERROR][EntityManager] Erro ao analisar entidades: 'NoneType' object has no attribute 'lower'
[2025-01-16 02:38:51][DEBUG][StoryChat] Detectado tipo PERSONAGEM (diálogo direto)
[2025-01-16 02:38:51][DEBUG][StoryChat] Tipo de input detectado: NarratorType.CHARACTER
[2025-01-16 02:38:51][DEBUG][Emotion] Analisando emoção do texto: O que você pode falar sobre sua avó...
[2025-01-16 02:38:51][DEBUG][Emotion] Iniciando análise de emoções explícitas...
[2025-01-16 02:38:51][DEBUG][Emotion] Iniciando análise de padrões...
[2025-01-16 02:38:51][INFO][Emotion] Nenhuma emoção detectada, usando NEUTRAL como padrão
[2025-01-16 02:38:51][DEBUG][StoryChat] Iniciando processamento para André
[2025-01-16 02:38:51][DEBUG][StoryChat] Informações encontradas: True
[2025-01-16 02:38:51][DEBUG][StoryChat] Perfil existente no character_manager: André
[2025-01-16 02:38:51][DEBUG][ProfileManager] Obtendo perfil para André
[2025-01-16 02:38:51][DEBUG][StoryChat] Perfil obtido: True
[2025-01-16 02:38:51][DEBUG][StoryChat] Detalhes do perfil: occupation=ator frustrado em São Paulo
[2025-01-16 02:38:51][DEBUG][StoryChat] Atualizando perfil com contexto
[2025-01-16 02:38:51][DEBUG][ProfileManager] Obtendo perfil para André
[2025-01-16 02:38:51][DEBUG][ProfileManager] Obtendo perfil para André
[2025-01-16 02:38:58][DEBUG][Emotion] Analisando emoção do texto: Minha avó era uma mulher misteriosa, mas também en...
[2025-01-16 02:38:58][DEBUG][Emotion] Iniciando análise de emoções explícitas...
[2025-01-16 02:38:58][DEBUG][Emotion] Iniciando análise de padrões...
[2025-01-16 02:38:58][INFO][Emotion] Nenhuma emoção detectada, usando NEUTRAL como padrão
[2025-01-16 02:38:58][ERROR][NarrativeHistory] Erro ao registrar interação: table character_interactions has no column named character_a
[2025-01-16 02:38:58][DEBUG][StoryContext] Iniciando adição de evento: dialogue
[2025-01-16 02:38:58][DEBUG][StoryContext] Personagem: André
[2025-01-16 02:38:58][DEBUG][StoryContext] Conteúdo: Minha avó era uma mulher misteriosa, mas também encantadora em seu próprio jeito calmo. Ela sempre v...
[2025-01-16 02:38:58][DEBUG][StoryContext] Evento adicionado à memória. Total de eventos: 13
[2025-01-16 02:38:58][DEBUG][StoryContext] Salvando evento no banco de dados
[2025-01-16 02:38:58][INFO][StoryContext] Evento dialogue salvo com sucesso no banco
[2025-01-16 02:38:58][DEBUG][StoryContext] Evento adicionado com sucesso
[2025-01-16 02:38:58][INFO][StoryChat] Resposta gerada com sucesso
[2025-01-16 02:38:58][DEBUG][StoryChat] Iniciando processamento de resposta e áudio
[2025-01-16 02:38:58][DEBUG][StoryChat] Processando parte para André: Minha avó era uma mulher misteriosa, mas também en...
[2025-01-16 02:38:58][ERROR][StoryChat] Arquivo de voz inválido D:/IA/Speech-to-Speech/speech-to-rag/voices/lucas_voice.wav: unknown format: 3
[2025-01-16 02:38:58][DEBUG][Memory] Adicionando memória para André
[2025-01-16 02:38:58][INFO][Memory] Nova memória adicionada para André
[2025-01-16 02:38:58][DEBUG][InteractionSystem] Interações recentes atualizadas
[2025-01-16 02:38:58][ERROR][NarrativeHistory] Erro ao registrar interação: table character_interactions has no column named character_a
[2025-01-16 02:38:58][DEBUG][StoryChat] Interação registrada para André
[2025-01-16 02:39:06][DEBUG][StoryChat] Salvando personagens...
[2025-01-16 02:39:06][INFO][DynamicCharacterManager] Personagens salvos com sucesso
[2025-01-16 02:39:06][DEBUG][StoryChat] Limpando story_context...
[2025-01-16 02:39:06][DEBUG][StoryChat] Limpando memory_manager...
[2025-01-16 02:39:06][DEBUG][StoryChat] Limpando audio_processor...
[2025-01-16 02:39:06][DEBUG][AudioProcessor] AudioProcessor cleanup concluído
[2025-01-16 02:39:06][INFO][StoryChat] Limpeza concluída com sucesso
[2025-01-16 02:39:06][DEBUG][AudioProcessor] AudioProcessor cleanup concluído
